<?xml version="1.0" encoding="UTF-8"?>
<testng-results ignored="0" total="7" passed="7" failed="0" skipped="0">
  <reporter-output>
  </reporter-output>
  <suite started-at="2026-03-17T17:05:39 CET" name="Surefire suite" finished-at="2026-03-17T17:06:24 CET" duration-ms="44761">
    <groups>
      <group name="cucumber">
        <method signature="AbstractTestNGCucumberTests.runScenario(io.cucumber.testng.PickleWrapper,io.cucumber.testng.FeatureWrapper)[pri:0, instance:org.example.runners.TestRunner@1817d444]" name="runScenario" class="io.cucumber.testng.AbstractTestNGCucumberTests"/>
      </group> <!-- cucumber -->
    </groups>
    <test started-at="2026-03-17T17:05:39 CET" name="Surefire test" finished-at="2026-03-17T17:06:24 CET" duration-ms="44761">
      <class name="org.example.runners.TestRunner">
        <test-method is-config="true" signature="setUpClass(org.testng.ITestContext)[pri:0, instance:org.example.runners.TestRunner@1817d444]" started-at="2026-03-17T17:05:39 CET" name="setUpClass" finished-at="2026-03-17T17:05:40 CET" duration-ms="427" status="PASS">
          <params>
            <param index="0">
              <value>
                <![CDATA[org.testng.TestRunner@6223dbed]]>
              </value>
            </param>
          </params>
          <reporter-output>
          </reporter-output>
        </test-method> <!-- setUpClass -->
        <test-method signature="runScenario(io.cucumber.testng.PickleWrapper,io.cucumber.testng.FeatureWrapper)[pri:0, instance:org.example.runners.TestRunner@1817d444]" started-at="2026-03-17T17:05:40 CET" name="runScenario" description="Runs Cucumber Scenarios" data-provider="scenarios" finished-at="2026-03-17T17:05:42 CET" duration-ms="1657" status="PASS">
          <params>
            <param index="0">
              <value>
                <![CDATA["API_TC01 - Validate detailed geographical nodes for a specific German postal code"]]>
              </value>
            </param>
            <param index="1">
              <value>
                <![CDATA["Zippopotamus Location API Verification"]]>
              </value>
            </param>
          </params>
          <reporter-output>
          </reporter-output>
        </test-method> <!-- runScenario -->
        <test-method signature="runScenario(io.cucumber.testng.PickleWrapper,io.cucumber.testng.FeatureWrapper)[pri:0, instance:org.example.runners.TestRunner@1817d444]" started-at="2026-03-17T17:05:42 CET" name="runScenario" description="Runs Cucumber Scenarios" data-provider="scenarios" finished-at="2026-03-17T17:05:42 CET" duration-ms="117" status="PASS">
          <params>
            <param index="0">
              <value>
                <![CDATA["API_TC02 - Verify place names for multiple countries and postal codes"]]>
              </value>
            </param>
            <param index="1">
              <value>
                <![CDATA["Zippopotamus International Data-Driven API Verification"]]>
              </value>
            </param>
          </params>
          <reporter-output>
          </reporter-output>
        </test-method> <!-- runScenario -->
        <test-method signature="runScenario(io.cucumber.testng.PickleWrapper,io.cucumber.testng.FeatureWrapper)[pri:0, instance:org.example.runners.TestRunner@1817d444]" started-at="2026-03-17T17:05:42 CET" name="runScenario" description="Runs Cucumber Scenarios" data-provider="scenarios" finished-at="2026-03-17T17:05:42 CET" duration-ms="101" status="PASS">
          <params>
            <param index="0">
              <value>
                <![CDATA["API_TC02 - Verify place names for multiple countries and postal codes"]]>
              </value>
            </param>
            <param index="1">
              <value>
                <![CDATA["Zippopotamus International Data-Driven API Verification"]]>
              </value>
            </param>
          </params>
          <reporter-output>
          </reporter-output>
        </test-method> <!-- runScenario -->
        <test-method signature="runScenario(io.cucumber.testng.PickleWrapper,io.cucumber.testng.FeatureWrapper)[pri:0, instance:org.example.runners.TestRunner@1817d444]" started-at="2026-03-17T17:05:42 CET" name="runScenario" description="Runs Cucumber Scenarios" data-provider="scenarios" finished-at="2026-03-17T17:05:42 CET" duration-ms="109" status="PASS">
          <params>
            <param index="0">
              <value>
                <![CDATA["API_TC02 - Verify place names for multiple countries and postal codes"]]>
              </value>
            </param>
            <param index="1">
              <value>
                <![CDATA["Zippopotamus International Data-Driven API Verification"]]>
              </value>
            </param>
          </params>
          <reporter-output>
          </reporter-output>
        </test-method> <!-- runScenario -->
        <test-method signature="runScenario(io.cucumber.testng.PickleWrapper,io.cucumber.testng.FeatureWrapper)[pri:0, instance:org.example.runners.TestRunner@1817d444]" started-at="2026-03-17T17:05:42 CET" name="runScenario" description="Runs Cucumber Scenarios" data-provider="scenarios" finished-at="2026-03-17T17:05:53 CET" duration-ms="11528" status="PASS">
          <params>
            <param index="0">
              <value>
                <![CDATA["Verify navigation and visibility of Quality Engineering content"]]>
              </value>
            </param>
            <param index="1">
              <value>
                <![CDATA["Quality Engineering Page Verification"]]>
              </value>
            </param>
          </params>
          <reporter-output>
          </reporter-output>
        </test-method> <!-- runScenario -->
        <test-method signature="runScenario(io.cucumber.testng.PickleWrapper,io.cucumber.testng.FeatureWrapper)[pri:0, instance:org.example.runners.TestRunner@1817d444]" started-at="2026-03-17T17:05:53 CET" name="runScenario" description="Runs Cucumber Scenarios" data-provider="scenarios" finished-at="2026-03-17T17:06:11 CET" duration-ms="17579" status="PASS">
          <params>
            <param index="0">
              <value>
                <![CDATA["Submit Contact Us form with random data and verify Thank You message"]]>
              </value>
            </param>
            <param index="1">
              <value>
                <![CDATA["Contact Us Form Submission"]]>
              </value>
            </param>
          </params>
          <reporter-output>
          </reporter-output>
        </test-method> <!-- runScenario -->
        <test-method signature="runScenario(io.cucumber.testng.PickleWrapper,io.cucumber.testng.FeatureWrapper)[pri:0, instance:org.example.runners.TestRunner@1817d444]" started-at="2026-03-17T17:06:11 CET" name="runScenario" description="Runs Cucumber Scenarios" data-provider="scenarios" finished-at="2026-03-17T17:06:24 CET" duration-ms="13194" status="PASS">
          <params>
            <param index="0">
              <value>
                <![CDATA["Verify all country specific links are working"]]>
              </value>
            </param>
            <param index="1">
              <value>
                <![CDATA["Global Country Links Verification"]]>
              </value>
            </param>
          </params>
          <reporter-output>
          </reporter-output>
        </test-method> <!-- runScenario -->
        <test-method is-config="true" signature="tearDownClass()[pri:0, instance:org.example.runners.TestRunner@1817d444]" started-at="2026-03-17T17:06:24 CET" name="tearDownClass" finished-at="2026-03-17T17:06:24 CET" duration-ms="18" status="PASS">
          <reporter-output>
          </reporter-output>
        </test-method> <!-- tearDownClass -->
      </class> <!-- org.example.runners.TestRunner -->
    </test> <!-- Surefire test -->
  </suite> <!-- Surefire suite -->
</testng-results>
