<?xml version="1.0" encoding="UTF-8"?>
<testsuite xmlns:xsi="http://www.w3.org/2001/XMLSchema-instance" xsi:noNamespaceSchemaLocation="https://maven.apache.org/surefire/maven-surefire-plugin/xsd/surefire-test-report-3.0.xsd" version="3.0" name="org.example.runners.TestRunner" time="43.141" tests="3" errors="0" skipped="0" failures="0">
  <properties>
[...]
</properties>
  <testcase name="runScenario[&quot;Verify navigation and visibility of Quality Engineering content&quot;, &quot;Quality Engineering Page Verification&quot;](1)" classname="org.example.runners.TestRunner" time="11.629">
    <system-out><![CDATA[
@UI @Case1
Scenario: Verify navigation and visibility of Quality Engineering content # src/test/resources/features/UI Tests/tc1_quality_engineering_navigation.feature:4
  Given User navigates to the "sogeti.base.url"                           # org.example.stepDefinitions.CommonStepDefinitions.userNavigatesToKey(java.lang.String)
  And User handles popups                                                 # org.example.stepDefinitions.CommonStepDefinitions.userHandlesPopups()
  When User hovers over "services.menu.key" menu                          # org.example.stepDefinitions.TC1StepDefinitions.userHoversOverMenu(java.lang.String)
  And User clicks on "quality.engineering.link.key" link                  # org.example.stepDefinitions.TC1StepDefinitions.userClicksOnLink(java.lang.String)
  Then "quality.engineering.banner" text should be visible on the page    # org.example.stepDefinitions.CommonStepDefinitions.verifyTextVisibility(java.lang.String)
]]></system-out>
    <system-err><![CDATA[SLF4J: Failed to load class "org.slf4j.impl.StaticLoggerBinder".
SLF4J: Defaulting to no-operation (NOP) logger implementation
SLF4J: See http://www.slf4j.org/codes.html#StaticLoggerBinder for further details.
]]></system-err>
  </testcase>
  <testcase name="runScenario[&quot;Submit Contact Us form with random data and verify Thank You message&quot;, &quot;Contact Us Form Submission&quot;](2)" classname="org.example.runners.TestRunner" time="17.545">
    <system-out><![CDATA[
@UI @Case2
Scenario: Submit Contact Us form with random data and verify Thank You message # src/test/resources/features/UI Tests/tc2_contact_form_submission.feature:4
  Given User navigates to the "sogeti.base.url"                                # org.example.stepDefinitions.CommonStepDefinitions.userNavigatesToKey(java.lang.String)
  And User handles popups                                                      # org.example.stepDefinitions.CommonStepDefinitions.userHandlesPopups()
  When User clicks on header link "contact.us.link.key"                        # org.example.stepDefinitions.TC2StepDefinitions.userClicksOnHeaderLink(java.lang.String)
  And User scrolls to "get.in.touch.section.key" section                       # org.example.stepDefinitions.TC2StepDefinitions.userScrollsToSection(java.lang.String)
  And User selects a purpose of contact                                        # org.example.stepDefinitions.TC2StepDefinitions.userSelectsPurpose()
  And User fills the field "first.name.label" with random first name           # org.example.stepDefinitions.TC2StepDefinitions.fillFirstName(java.lang.String)
  And User fills the field "last.name.label" with random last name             # org.example.stepDefinitions.TC2StepDefinitions.fillLastName(java.lang.String)
  And User fills the field "job.title.label" with random job title             # org.example.stepDefinitions.TC2StepDefinitions.fillJobTitle(java.lang.String)
  And User fills the field "email.label" with random email                     # org.example.stepDefinitions.TC2StepDefinitions.fillEmail(java.lang.String)
  And User selects a random country                                            # org.example.stepDefinitions.TC2StepDefinitions.userSelectsCountry()
  And User fills the field "company.label" with random company name            # org.example.stepDefinitions.TC2StepDefinitions.fillCompany(java.lang.String)
  And User fills the field "phone.label" with random phone number              # org.example.stepDefinitions.TC2StepDefinitions.fillPhone(java.lang.String)
  And User fills the field "message.label" with random message                 # org.example.stepDefinitions.TC2StepDefinitions.fillMessage(java.lang.String)
  And User checks the "agree.checkbox.label" checkbox                          # org.example.stepDefinitions.TC2StepDefinitions.userChecksCheckbox(java.lang.String)
  And User slides to submit the form                                           # org.example.stepDefinitions.TC2StepDefinitions.userSlidesToSubmit()
  Then "thank.you.message" text should be visible on the page                  # org.example.stepDefinitions.CommonStepDefinitions.verifyTextVisibility(java.lang.String)
]]></system-out>
  </testcase>
  <testcase name="runScenario[&quot;Verify all country specific links are working&quot;, &quot;Global Country Links Verification&quot;](3)" classname="org.example.runners.TestRunner" time="13.18">
    <system-out><![CDATA[
@UI @Case3
Scenario: Verify all country specific links are working              # src/test/resources/features/UI Tests/tc3_global_links_healthcheck.feature:4
  Given User navigates to the "sogeti.base.url"                      # org.example.stepDefinitions.CommonStepDefinitions.userNavigatesToKey(java.lang.String)
  And User handles popups                                            # org.example.stepDefinitions.CommonStepDefinitions.userHandlesPopups()
  When User clicks on the "globe.icon.key" icon in the header        # org.example.stepDefinitions.CommonStepDefinitions.userClicksOnIcon(java.lang.String)
=================================================
Total country links found: 13
=================================================
[PASS] www.sogeti.com            | Status Code: 200
[PASS] www.sogeti.be             | Status Code: 200
[PASS] www.sogeti.fi             | Status Code: 200
[PASS] www.fr.sogeti.com         | Status Code: 200
[PASS] www.sogeti.de             | Status Code: 200
[PASS] www.sogeti.ie             | Status Code: 200
[PASS] www.sogeti.lu             | Status Code: 200
[PASS] www.sogeti.nl             | Status Code: 200
[PASS] www.sogeti.no             | Status Code: 200
[PASS] www.sogeti.es             | Status Code: 200
[PASS] www.sogeti.se             | Status Code: 200
[PASS] www.uk.sogeti.com         | Status Code: 200
[PASS] www.us.sogeti.com         | Status Code: 200
=================================================
  Then Assert that all the Country specific Sogeti links are working # org.example.stepDefinitions.TC3StepDefinitions.verifyAllCountryLinks()
]]></system-out>
  </testcase>
</testsuite>