<?xml version="1.0" encoding="UTF-8"?>
<testsuite xmlns:xsi="http://www.w3.org/2001/XMLSchema-instance" xsi:noNamespaceSchemaLocation="https://maven.apache.org/surefire/maven-surefire-plugin/xsd/surefire-test-report-3.0.xsd" version="3.0" name="org.example.runners.TestRunner" time="24.068" tests="7" errors="0" skipped="0" failures="0">
  <properties>
[...]
</properties>
  <testcase name="runScenario[&quot;API_TC01 - Validate detailed geographical nodes for a specific German postal code&quot;, &quot;Zippopotamus Location API Verification&quot;](1)" classname="org.example.runners.TestRunner" time="1.726">
    <system-out><![CDATA[
@API @API_TC01
Scenario Outline: API_TC01 - Validate detailed geographical nodes for a specific German postal code # src/test/resources/features/ApiTests/tc01_zippopotamus_validation.feature:15
  Given User set base URI to "http://api.zippopotam.us"                                             # org.example.stepDefinitions.APIStepDefinitions.setBaseUri(java.lang.String)
  When User sends a GET request to "/de/bw/stuttgart"                                               # org.example.stepDefinitions.APIStepDefinitions.sendGetRequest(java.lang.String)
  Then The response status code should be 200                                                       # org.example.stepDefinitions.APIStepDefinitions.verifyStatusCode(int)
  And The content type should be "JSON"                                                             # org.example.stepDefinitions.APIStepDefinitions.verifyContentType(java.lang.String)
  And The response time should be below 1000 ms                                                     # org.example.stepDefinitions.APIStepDefinitions.verifyResponseTime(int)
  And The response should have country "Germany" and state "Baden-WÃ¼rttemberg"                      # org.example.stepDefinitions.APIStepDefinitions.verifyCountryAndState(java.lang.String,java.lang.String)
  And For post code "70597", the place name should contain "Stuttgart Degerloch"                    # org.example.stepDefinitions.APIStepDefinitions.verifyPlaceForPostCode(java.lang.String,java.lang.String)
]]></system-out>
    <system-err><![CDATA[SLF4J: Failed to load class "org.slf4j.impl.StaticLoggerBinder".
SLF4J: Defaulting to no-operation (NOP) logger implementation
SLF4J: See http://www.slf4j.org/codes.html#StaticLoggerBinder for further details.
]]></system-err>
  </testcase>
  <testcase name="runScenario[&quot;API_TC02 - Verify place names for multiple countries and postal codes&quot;, &quot;Zippopotamus International Data-Driven API Verification&quot;](2)" classname="org.example.runners.TestRunner" time="0.116">
    <system-out><![CDATA[
@API @API_TC02
Scenario Outline: API_TC02 - Verify place names for multiple countries and postal codes # src/test/resources/features/ApiTests/tc02_international.feature:14
  Given User set base URI to "http://api.zippopotam.us"                                 # org.example.stepDefinitions.APIStepDefinitions.setBaseUri(java.lang.String)
  When User sends a GET request to "/us/90210"                                          # org.example.stepDefinitions.APIStepDefinitions.sendGetRequest(java.lang.String)
  Then The response status code should be 200                                           # org.example.stepDefinitions.APIStepDefinitions.verifyStatusCode(int)
  And The content type should be "JSON"                                                 # org.example.stepDefinitions.APIStepDefinitions.verifyContentType(java.lang.String)
  And The response time should be below 1000 ms                                         # org.example.stepDefinitions.APIStepDefinitions.verifyResponseTime(int)
  And The response should contain the place name "Beverly Hills"                        # org.example.stepDefinitions.APIStepDefinitions.verifyPlaceNameInArray(java.lang.String)
]]></system-out>
  </testcase>
  <testcase name="runScenario[&quot;API_TC02 - Verify place names for multiple countries and postal codes&quot;, &quot;Zippopotamus International Data-Driven API Verification&quot;](3)" classname="org.example.runners.TestRunner" time="0.103">
    <system-out><![CDATA[
@API @API_TC02
Scenario Outline: API_TC02 - Verify place names for multiple countries and postal codes # src/test/resources/features/ApiTests/tc02_international.feature:15
  Given User set base URI to "http://api.zippopotam.us"                                 # org.example.stepDefinitions.APIStepDefinitions.setBaseUri(java.lang.String)
  When User sends a GET request to "/us/12345"                                          # org.example.stepDefinitions.APIStepDefinitions.sendGetRequest(java.lang.String)
  Then The response status code should be 200                                           # org.example.stepDefinitions.APIStepDefinitions.verifyStatusCode(int)
  And The content type should be "JSON"                                                 # org.example.stepDefinitions.APIStepDefinitions.verifyContentType(java.lang.String)
  And The response time should be below 1000 ms                                         # org.example.stepDefinitions.APIStepDefinitions.verifyResponseTime(int)
  And The response should contain the place name "Schenectady"                          # org.example.stepDefinitions.APIStepDefinitions.verifyPlaceNameInArray(java.lang.String)
]]></system-out>
  </testcase>
  <testcase name="runScenario[&quot;API_TC02 - Verify place names for multiple countries and postal codes&quot;, &quot;Zippopotamus International Data-Driven API Verification&quot;](4)" classname="org.example.runners.TestRunner" time="0.121">
    <system-out><![CDATA[
@API @API_TC02
Scenario Outline: API_TC02 - Verify place names for multiple countries and postal codes # src/test/resources/features/ApiTests/tc02_international.feature:16
  Given User set base URI to "http://api.zippopotam.us"                                 # org.example.stepDefinitions.APIStepDefinitions.setBaseUri(java.lang.String)
  When User sends a GET request to "/ca/B2R"                                            # org.example.stepDefinitions.APIStepDefinitions.sendGetRequest(java.lang.String)
  Then The response status code should be 200                                           # org.example.stepDefinitions.APIStepDefinitions.verifyStatusCode(int)
  And The content type should be "JSON"                                                 # org.example.stepDefinitions.APIStepDefinitions.verifyContentType(java.lang.String)
  And The response time should be below 1000 ms                                         # org.example.stepDefinitions.APIStepDefinitions.verifyResponseTime(int)
  And The response should contain the place name "Waverley"                             # org.example.stepDefinitions.APIStepDefinitions.verifyPlaceNameInArray(java.lang.String)
]]></system-out>
  </testcase>
  <testcase name="runScenario[&quot;Verify navigation and visibility of Quality Engineering content&quot;, &quot;Quality Engineering Page Verification&quot;](5)" classname="org.example.runners.TestRunner" time="4.526">
    <system-out><![CDATA[
@UI @Case1
Scenario: Verify navigation and visibility of Quality Engineering content # src/test/resources/features/UI Tests/tc1_quality_engineering_navigation.feature:4
  Given User navigates to "https://www.sogeti.com/"                       # org.example.stepDefinitions.CommonStepDefinitions.userNavigatesTo(java.lang.String)
  And User handles popups                                                 # org.example.stepDefinitions.CommonStepDefinitions.userHandlesPopups()
  When User hovers over "Services" menu                                   # org.example.stepDefinitions.TC1StepDefinitions.userHoversOverMenu(java.lang.String)
  And User clicks on "Quality Engineering" link                           # org.example.stepDefinitions.TC1StepDefinitions.userClicksOnLink(java.lang.String)
  Then "Quality Engineering" text should be visible on the page           # org.example.stepDefinitions.CommonStepDefinitions.verifyTextVisibility(java.lang.String)
]]></system-out>
  </testcase>
  <testcase name="runScenario[&quot;Submit Contact Us form with random data and verify Thank You message&quot;, &quot;Contact Us Form Submission&quot;](6)" classname="org.example.runners.TestRunner" time="9.959">
    <system-out><![CDATA[
@UI @Case2
Scenario: Submit Contact Us form with random data and verify Thank You message # src/test/resources/features/UI Tests/tc2_contact_form_submission.feature:11
  Given User navigates to "https://www.sogeti.com/"                            # org.example.stepDefinitions.CommonStepDefinitions.userNavigatesTo(java.lang.String)
  And User handles popups                                                      # org.example.stepDefinitions.CommonStepDefinitions.userHandlesPopups()
  When User clicks on header link "Contact Us"                                 # org.example.stepDefinitions.TC2StepDefinitions.userClicksOnHeaderLink(java.lang.String)
  And User scrolls to "Get in touch" section                                   # org.example.stepDefinitions.TC2StepDefinitions.userScrollsToSection(java.lang.String)
  And User selects a purpose of contact                                        # org.example.stepDefinitions.TC2StepDefinitions.userSelectsPurpose()
  And User fills the field "First name" with random first name                 # org.example.stepDefinitions.TC2StepDefinitions.fillFirstName(java.lang.String)
  And User fills the field "Last name" with random last name                   # org.example.stepDefinitions.TC2StepDefinitions.fillLastName(java.lang.String)
  And User fills the field "Job Title" with random job title                   # org.example.stepDefinitions.TC2StepDefinitions.fillJobTitle(java.lang.String)
  And User fills the field "E-mail address" with random email                  # org.example.stepDefinitions.TC2StepDefinitions.fillEmail(java.lang.String)
  And User selects a random country                                            # org.example.stepDefinitions.TC2StepDefinitions.userSelectsCountry()
  And User fills the field "Company" with random company name                  # org.example.stepDefinitions.TC2StepDefinitions.fillCompany(java.lang.String)
  And User fills the field "Phone number" with random phone number             # org.example.stepDefinitions.TC2StepDefinitions.fillPhone(java.lang.String)
  And User fills the field "Message" with random message                       # org.example.stepDefinitions.TC2StepDefinitions.fillMessage(java.lang.String)
  And User checks the "I agree" checkbox                                       # org.example.stepDefinitions.TC2StepDefinitions.userChecksCheckbox(java.lang.String)
  And User slides to submit the form                                           # org.example.stepDefinitions.TC2StepDefinitions.userSlidesToSubmit()
  Then "Thank you" text should be visible on the page                          # org.example.stepDefinitions.CommonStepDefinitions.verifyTextVisibility(java.lang.String)
]]></system-out>
  </testcase>
  <testcase name="runScenario[&quot;Verify all country specific links are working&quot;, &quot;Global Country Links Verification&quot;](7)" classname="org.example.runners.TestRunner" time="6.761">
    <system-out><![CDATA[
@UI @Case3
Scenario: Verify all country specific links are working              # src/test/resources/features/UI Tests/tc3_global_links_healthcheck.feature:4
  Given User navigates to "https://www.sogeti.com/"                  # org.example.stepDefinitions.CommonStepDefinitions.userNavigatesTo(java.lang.String)
  And User handles popups                                            # org.example.stepDefinitions.CommonStepDefinitions.userHandlesPopups()
  When User clicks on the globe icon in the header                   # org.example.stepDefinitions.CommonStepDefinitions.userClicksOnWorldIcon()
=================================================
Total country links found: 13
=================================================
[PASS] www.sogeti.com            | Status Code: 200
[PASS] www.sogeti.be             | Status Code: 200
[PASS] www.sogeti.fi             | Status Code: 200
[PASS] www.fr.sogeti.com         | Status Code: 200
[PASS] www.sogeti.de             | Status Code: 200
[PASS] www.sogeti.ie             | Status Code: 200
[PASS] www.sogeti.lu             | Status Code: 200
[PASS] www.sogeti.nl             | Status Code: 200
[PASS] www.sogeti.no             | Status Code: 200
[PASS] www.sogeti.es             | Status Code: 200
[PASS] www.sogeti.se             | Status Code: 200
[PASS] www.uk.sogeti.com         | Status Code: 200
[PASS] www.us.sogeti.com         | Status Code: 200
=================================================
  Then Assert that all the Country specific Sogeti links are working # org.example.stepDefinitions.TC3StepDefinitions.verifyAllCountryLinks()
]]></system-out>
  </testcase>
</testsuite>