<?xml version="1.0" encoding="UTF-8"?>
<testng-results ignored="0" total="1" passed="1" failed="0" skipped="0">
  <reporter-output>
  </reporter-output>
  <suite started-at="2026-03-17T11:40:45 CET" name="Surefire suite" finished-at="2026-03-17T11:40:52 CET" duration-ms="6172">
    <groups>
      <group name="cucumber">
        <method signature="AbstractTestNGCucumberTests.runScenario(io.cucumber.testng.PickleWrapper,io.cucumber.testng.FeatureWrapper)[pri:0, instance:org.example.runners.TestRunner@1817d444]" name="runScenario" class="io.cucumber.testng.AbstractTestNGCucumberTests"/>
      </group> <!-- cucumber -->
    </groups>
    <test started-at="2026-03-17T11:40:45 CET" name="Surefire test" finished-at="2026-03-17T11:40:52 CET" duration-ms="6172">
      <class name="org.example.runners.TestRunner">
        <test-method is-config="true" signature="setUpClass(org.testng.ITestContext)[pri:0, instance:org.example.runners.TestRunner@1817d444]" started-at="2026-03-17T11:40:46 CET" name="setUpClass" finished-at="2026-03-17T11:40:46 CET" duration-ms="412" status="PASS">
          <params>
            <param index="0">
              <value>
                <![CDATA[org.testng.TestRunner@46aa712c]]>
              </value>
            </param>
          </params>
          <reporter-output>
          </reporter-output>
        </test-method> <!-- setUpClass -->
        <test-method signature="runScenario(io.cucumber.testng.PickleWrapper,io.cucumber.testng.FeatureWrapper)[pri:0, instance:org.example.runners.TestRunner@1817d444]" started-at="2026-03-17T11:40:46 CET" name="runScenario" description="Runs Cucumber Scenarios" data-provider="scenarios" finished-at="2026-03-17T11:40:52 CET" duration-ms="5710" status="PASS">
          <params>
            <param index="0">
              <value>
                <![CDATA["Verify navigation and visibility of Quality Engineering content"]]>
              </value>
            </param>
            <param index="1">
              <value>
                <![CDATA["Quality Engineering Page Verification"]]>
              </value>
            </param>
          </params>
          <reporter-output>
          </reporter-output>
        </test-method> <!-- runScenario -->
        <test-method is-config="true" signature="tearDownClass()[pri:0, instance:org.example.runners.TestRunner@1817d444]" started-at="2026-03-17T11:40:52 CET" name="tearDownClass" finished-at="2026-03-17T11:40:52 CET" duration-ms="25" status="PASS">
          <reporter-output>
          </reporter-output>
        </test-method> <!-- tearDownClass -->
      </class> <!-- org.example.runners.TestRunner -->
    </test> <!-- Surefire test -->
  </suite> <!-- Surefire suite -->
</testng-results>
