<?xml version="1.0" encoding="UTF-8"?>
<!-- Generated by org.testng.reporters.JUnitReportReporter -->
<testsuite hostname="Seyfullah" failures="0" tests="7" name="org.example.runners.TestRunner" time="23.260" errors="0" timestamp="2026-03-12T15:02:08 CET" skipped="0">
  <testcase classname="org.example.runners.TestRunner" name="runScenario" time="0.113"/>
  <testcase classname="org.example.runners.TestRunner" name="runScenario" time="0.111"/>
  <testcase classname="org.example.runners.TestRunner" name="runScenario" time="6.065"/>
  <testcase classname="org.example.runners.TestRunner" name="runScenario" time="0.110"/>
  <testcase classname="org.example.runners.TestRunner" name="runScenario" time="1.744"/>
  <testcase classname="org.example.runners.TestRunner" name="runScenario" time="9.125"/>
  <testcase classname="org.example.runners.TestRunner" name="runScenario" time="5.992"/>
</testsuite> <!-- org.example.runners.TestRunner -->
