<?xml version="1.0" encoding="UTF-8"?>
<!-- Generated by org.testng.reporters.JUnitReportReporter -->
<testsuite hostname="Seyfullah" failures="0" tests="3" name="org.example.runners.TestRunner" time="42.353" errors="0" timestamp="2026-03-17T17:03:52 CET" skipped="0">
  <testcase classname="org.example.runners.TestRunner" name="runScenario" time="17.545"/>
  <testcase classname="org.example.runners.TestRunner" name="runScenario" time="11.628"/>
  <testcase classname="org.example.runners.TestRunner" name="runScenario" time="13.180"/>
</testsuite> <!-- org.example.runners.TestRunner -->
